CRITICAL - 2024-01-30 13:27:07 --> ErrorException: Undefined variable $conn
in APPPATH\Views\belajar\coba.php on line 45.
 1 APPPATH\Views\belajar\coba.php(45): CodeIgniter\Debug\Exceptions->errorHandler(2, 'Undefined variable $conn', 'C:\\xampp\\htdocs\\myCI4app\\app\\Views\\belajar\\coba.php', 45)
 2 SYSTEMPATH\View\View.php(228): include('C:\\xampp\\htdocs\\myCI4app\\app\\Views\\belajar\\coba.php')
 3 SYSTEMPATH\View\View.php(231): CodeIgniter\View\View->CodeIgniter\View\{closure}()
 4 SYSTEMPATH\Common.php(1178): CodeIgniter\View\View->render('belajar/coba', [], true)
 5 APPPATH\Controllers\Coba.php(9): view('belajar/coba')
 6 SYSTEMPATH\CodeIgniter.php(941): App\Controllers\Coba->index()
 7 SYSTEMPATH\CodeIgniter.php(502): CodeIgniter\CodeIgniter->runController(Object(App\Controllers\Coba))
 8 SYSTEMPATH\CodeIgniter.php(361): CodeIgniter\CodeIgniter->handleRequest(null, Object(Config\Cache), false)
 9 FCPATH\index.php(79): CodeIgniter\CodeIgniter->run()
10 SYSTEMPATH\Commands\Server\rewrite.php(47): require_once('C:\\xampp\\htdocs\\myCI4app\\public\\index.php')
CRITICAL - 2024-01-30 13:27:26 --> ErrorException: Undefined variable $conn
in APPPATH\Views\belajar\coba.php on line 45.
 1 APPPATH\Views\belajar\coba.php(45): CodeIgniter\Debug\Exceptions->errorHandler(2, 'Undefined variable $conn', 'C:\\xampp\\htdocs\\myCI4app\\app\\Views\\belajar\\coba.php', 45)
 2 SYSTEMPATH\View\View.php(228): include('C:\\xampp\\htdocs\\myCI4app\\app\\Views\\belajar\\coba.php')
 3 SYSTEMPATH\View\View.php(231): CodeIgniter\View\View->CodeIgniter\View\{closure}()
 4 SYSTEMPATH\Common.php(1178): CodeIgniter\View\View->render('belajar/coba', [], true)
 5 APPPATH\Controllers\Coba.php(9): view('belajar/coba')
 6 SYSTEMPATH\CodeIgniter.php(941): App\Controllers\Coba->index()
 7 SYSTEMPATH\CodeIgniter.php(502): CodeIgniter\CodeIgniter->runController(Object(App\Controllers\Coba))
 8 SYSTEMPATH\CodeIgniter.php(361): CodeIgniter\CodeIgniter->handleRequest(null, Object(Config\Cache), false)
 9 FCPATH\index.php(79): CodeIgniter\CodeIgniter->run()
10 SYSTEMPATH\Commands\Server\rewrite.php(47): require_once('C:\\xampp\\htdocs\\myCI4app\\public\\index.php')
