INFO - 2024-02-27 22:31:19 --> Session: Class initialized using 'CodeIgniter\Session\Handlers\FileHandler' driver.
CRITICAL - 2024-02-27 22:31:19 --> ErrorException: Undefined variable $pegawai
in APPPATH\Views\resto\reservasi.php on line 29.
 1 APPPATH\Views\resto\reservasi.php(29): CodeIgniter\Debug\Exceptions->errorHandler(2, 'Undefined variable $pegawai', 'C:\\xampp\\htdocs\\myCI4app\\app\\Views\\resto\\reservasi.php', 29)
 2 SYSTEMPATH\View\View.php(228): include('C:\\xampp\\htdocs\\myCI4app\\app\\Views\\resto\\reservasi.php')
 3 SYSTEMPATH\View\View.php(231): CodeIgniter\View\View->CodeIgniter\View\{closure}()
 4 SYSTEMPATH\Common.php(1178): CodeIgniter\View\View->render('resto/reservasi', [], true)
 5 APPPATH\Controllers\Reservasi.php(9): view('resto/reservasi')
 6 SYSTEMPATH\CodeIgniter.php(941): App\Controllers\Reservasi->index()
 7 SYSTEMPATH\CodeIgniter.php(502): CodeIgniter\CodeIgniter->runController(Object(App\Controllers\Reservasi))
 8 SYSTEMPATH\CodeIgniter.php(361): CodeIgniter\CodeIgniter->handleRequest(null, Object(Config\Cache), false)
 9 FCPATH\index.php(79): CodeIgniter\CodeIgniter->run()
10 SYSTEMPATH\Commands\Server\rewrite.php(47): require_once('C:\\xampp\\htdocs\\myCI4app\\public\\index.php')
INFO - 2024-02-27 22:31:35 --> Session: Class initialized using 'CodeIgniter\Session\Handlers\FileHandler' driver.
CRITICAL - 2024-02-27 22:31:35 --> ErrorException: Undefined variable $pegawai
in APPPATH\Views\resto\reservasi.php on line 29.
 1 APPPATH\Views\resto\reservasi.php(29): CodeIgniter\Debug\Exceptions->errorHandler(2, 'Undefined variable $pegawai', 'C:\\xampp\\htdocs\\myCI4app\\app\\Views\\resto\\reservasi.php', 29)
 2 SYSTEMPATH\View\View.php(228): include('C:\\xampp\\htdocs\\myCI4app\\app\\Views\\resto\\reservasi.php')
 3 SYSTEMPATH\View\View.php(231): CodeIgniter\View\View->CodeIgniter\View\{closure}()
 4 SYSTEMPATH\Common.php(1178): CodeIgniter\View\View->render('resto/reservasi', [], true)
 5 APPPATH\Controllers\Reservasi.php(9): view('resto/reservasi')
 6 SYSTEMPATH\CodeIgniter.php(941): App\Controllers\Reservasi->index()
 7 SYSTEMPATH\CodeIgniter.php(502): CodeIgniter\CodeIgniter->runController(Object(App\Controllers\Reservasi))
 8 SYSTEMPATH\CodeIgniter.php(361): CodeIgniter\CodeIgniter->handleRequest(null, Object(Config\Cache), false)
 9 FCPATH\index.php(79): CodeIgniter\CodeIgniter->run()
10 SYSTEMPATH\Commands\Server\rewrite.php(47): require_once('C:\\xampp\\htdocs\\myCI4app\\public\\index.php')
INFO - 2024-02-27 22:31:36 --> Session: Class initialized using 'CodeIgniter\Session\Handlers\FileHandler' driver.
CRITICAL - 2024-02-27 22:31:36 --> ErrorException: Undefined variable $pegawai
in APPPATH\Views\resto\reservasi.php on line 29.
 1 APPPATH\Views\resto\reservasi.php(29): CodeIgniter\Debug\Exceptions->errorHandler(2, 'Undefined variable $pegawai', 'C:\\xampp\\htdocs\\myCI4app\\app\\Views\\resto\\reservasi.php', 29)
 2 SYSTEMPATH\View\View.php(228): include('C:\\xampp\\htdocs\\myCI4app\\app\\Views\\resto\\reservasi.php')
 3 SYSTEMPATH\View\View.php(231): CodeIgniter\View\View->CodeIgniter\View\{closure}()
 4 SYSTEMPATH\Common.php(1178): CodeIgniter\View\View->render('resto/reservasi', [], true)
 5 APPPATH\Controllers\Reservasi.php(9): view('resto/reservasi')
 6 SYSTEMPATH\CodeIgniter.php(941): App\Controllers\Reservasi->index()
 7 SYSTEMPATH\CodeIgniter.php(502): CodeIgniter\CodeIgniter->runController(Object(App\Controllers\Reservasi))
 8 SYSTEMPATH\CodeIgniter.php(361): CodeIgniter\CodeIgniter->handleRequest(null, Object(Config\Cache), false)
 9 FCPATH\index.php(79): CodeIgniter\CodeIgniter->run()
10 SYSTEMPATH\Commands\Server\rewrite.php(47): require_once('C:\\xampp\\htdocs\\myCI4app\\public\\index.php')
INFO - 2024-02-27 22:33:48 --> Session: Class initialized using 'CodeIgniter\Session\Handlers\FileHandler' driver.
CRITICAL - 2024-02-27 22:33:48 --> ErrorException: Undefined variable $pegawai
in APPPATH\Views\resto\reservasi.php on line 29.
 1 APPPATH\Views\resto\reservasi.php(29): CodeIgniter\Debug\Exceptions->errorHandler(2, 'Undefined variable $pegawai', 'C:\\xampp\\htdocs\\myCI4app\\app\\Views\\resto\\reservasi.php', 29)
 2 SYSTEMPATH\View\View.php(228): include('C:\\xampp\\htdocs\\myCI4app\\app\\Views\\resto\\reservasi.php')
 3 SYSTEMPATH\View\View.php(231): CodeIgniter\View\View->CodeIgniter\View\{closure}()
 4 SYSTEMPATH\Common.php(1178): CodeIgniter\View\View->render('resto/reservasi', [], true)
 5 APPPATH\Controllers\Reservasi.php(9): view('resto/reservasi')
 6 SYSTEMPATH\CodeIgniter.php(941): App\Controllers\Reservasi->index()
 7 SYSTEMPATH\CodeIgniter.php(502): CodeIgniter\CodeIgniter->runController(Object(App\Controllers\Reservasi))
 8 SYSTEMPATH\CodeIgniter.php(361): CodeIgniter\CodeIgniter->handleRequest(null, Object(Config\Cache), false)
 9 FCPATH\index.php(79): CodeIgniter\CodeIgniter->run()
10 SYSTEMPATH\Commands\Server\rewrite.php(47): require_once('C:\\xampp\\htdocs\\myCI4app\\public\\index.php')
INFO - 2024-02-27 22:36:44 --> Session: Class initialized using 'CodeIgniter\Session\Handlers\FileHandler' driver.
INFO - 2024-02-27 22:37:20 --> Session: Class initialized using 'CodeIgniter\Session\Handlers\FileHandler' driver.
INFO - 2024-02-27 23:50:02 --> Session: Class initialized using 'CodeIgniter\Session\Handlers\FileHandler' driver.
INFO - 2024-02-27 23:50:05 --> Session: Class initialized using 'CodeIgniter\Session\Handlers\FileHandler' driver.
