INFO - 2024-03-13 01:20:28 --> Session: Class initialized using 'CodeIgniter\Session\Handlers\FileHandler' driver.
INFO - 2024-03-13 01:21:06 --> Session: Class initialized using 'CodeIgniter\Session\Handlers\FileHandler' driver.
INFO - 2024-03-13 02:04:57 --> Session: Class initialized using 'CodeIgniter\Session\Handlers\FileHandler' driver.
ERROR - 2024-03-13 02:15:46 --> mysqli_sql_exception: Table 'reservasi' already exists in C:\xampp\htdocs\myCI4app\vendor\codeigniter4\framework\system\Database\MySQLi\Connection.php:306
Stack trace:
#0 C:\xampp\htdocs\myCI4app\vendor\codeigniter4\framework\system\Database\MySQLi\Connection.php(306): mysqli->query('CREATE TABLE `r...', 0)
#1 C:\xampp\htdocs\myCI4app\vendor\codeigniter4\framework\system\Database\BaseConnection.php(693): CodeIgniter\Database\MySQLi\Connection->execute('CREATE TABLE `r...')
#2 C:\xampp\htdocs\myCI4app\vendor\codeigniter4\framework\system\Database\BaseConnection.php(607): CodeIgniter\Database\BaseConnection->simpleQuery('CREATE TABLE `r...')
#3 C:\xampp\htdocs\myCI4app\vendor\codeigniter4\framework\system\Database\Forge.php(546): CodeIgniter\Database\BaseConnection->query('CREATE TABLE `r...')
#4 C:\xampp\htdocs\myCI4app\app\Database\Migrations\2024-03-13-014949_Reservasi.php(51): CodeIgniter\Database\Forge->createTable('reservasi')
#5 C:\xampp\htdocs\myCI4app\vendor\codeigniter4\framework\system\Database\MigrationRunner.php(865): App\Database\Migrations\Reservasi->up()
#6 C:\xampp\htdocs\myCI4app\vendor\codeigniter4\framework\system\Database\MigrationRunner.php(181): CodeIgniter\Database\MigrationRunner->migrate('up', Object(stdClass))
#7 C:\xampp\htdocs\myCI4app\vendor\codeigniter4\framework\system\Commands\Database\Migrate.php(84): CodeIgniter\Database\MigrationRunner->latest(NULL)
#8 C:\xampp\htdocs\myCI4app\vendor\codeigniter4\framework\system\CLI\Commands.php(65): CodeIgniter\Commands\Database\Migrate->run(Array)
#9 C:\xampp\htdocs\myCI4app\vendor\codeigniter4\framework\system\CLI\Console.php(46): CodeIgniter\CLI\Commands->run('migrate', Array)
#10 C:\xampp\htdocs\myCI4app\spark(102): CodeIgniter\CLI\Console->run()
#11 {main}
CRITICAL - 2024-03-13 09:45:21 --> ErrorException: Undefined property: App\Controllers\Reservasi::$reservasi
in APPPATH\Controllers\Reservasi.php on line 10.
 1 APPPATH\Controllers\Reservasi.php(10): CodeIgniter\Debug\Exceptions->errorHandler(2, 'Undefined property: App\\Controllers\\Reservasi::$reservasi', 'C:\\xampp\\htdocs\\myCI4app\\app\\Controllers\\Reservasi.php', 10)
 2 SYSTEMPATH\CodeIgniter.php(941): App\Controllers\Reservasi->index()
 3 SYSTEMPATH\CodeIgniter.php(502): CodeIgniter\CodeIgniter->runController(Object(App\Controllers\Reservasi))
 4 SYSTEMPATH\CodeIgniter.php(361): CodeIgniter\CodeIgniter->handleRequest(null, Object(Config\Cache), false)
 5 FCPATH\index.php(79): CodeIgniter\CodeIgniter->run()
 6 SYSTEMPATH\Commands\Server\rewrite.php(47): require_once('C:\\xampp\\htdocs\\myCI4app\\public\\index.php')
