ERROR - 2024-02-19 14:04:41 --> mysqli_sql_exception: Unknown column 'create_at' in 'field list' in C:\xampp\htdocs\myCI4app\vendor\codeigniter4\framework\system\Database\MySQLi\Connection.php:306
Stack trace:
#0 C:\xampp\htdocs\myCI4app\vendor\codeigniter4\framework\system\Database\MySQLi\Connection.php(306): mysqli->query('INSERT INTO `pe...', 0)
#1 C:\xampp\htdocs\myCI4app\vendor\codeigniter4\framework\system\Database\BaseConnection.php(693): CodeIgniter\Database\MySQLi\Connection->execute('INSERT INTO `pe...')
#2 C:\xampp\htdocs\myCI4app\vendor\codeigniter4\framework\system\Database\BaseConnection.php(607): CodeIgniter\Database\BaseConnection->simpleQuery('INSERT INTO `pe...')
#3 C:\xampp\htdocs\myCI4app\vendor\codeigniter4\framework\system\Database\BaseBuilder.php(1798): CodeIgniter\Database\BaseConnection->query('INSERT INTO `pe...', NULL, false)
#4 C:\xampp\htdocs\myCI4app\vendor\codeigniter4\framework\system\Database\BaseBuilder.php(2187): CodeIgniter\Database\BaseBuilder->batchExecute('_insertBatch', 100)
#5 C:\xampp\htdocs\myCI4app\app\Database\Seeds\PegawaiSeeder.php(38): CodeIgniter\Database\BaseBuilder->insertBatch(Array)
#6 C:\xampp\htdocs\myCI4app\vendor\codeigniter4\framework\system\Database\Seeder.php(145): App\Database\Seeds\PegawaiSeeder->run()
#7 C:\xampp\htdocs\myCI4app\vendor\codeigniter4\framework\system\Commands\Database\Seed.php(77): CodeIgniter\Database\Seeder->call('App\\Database\\Se...')
#8 C:\xampp\htdocs\myCI4app\vendor\codeigniter4\framework\system\CLI\Commands.php(65): CodeIgniter\Commands\Database\Seed->run(Array)
#9 C:\xampp\htdocs\myCI4app\vendor\codeigniter4\framework\system\CLI\Console.php(46): CodeIgniter\CLI\Commands->run('db:seed', Array)
#10 C:\xampp\htdocs\myCI4app\spark(102): CodeIgniter\CLI\Console->run()
#11 {main}
ERROR - 2024-02-19 14:08:58 --> mysqli_sql_exception: Unknown column 'create_at' in 'field list' in C:\xampp\htdocs\myCI4app\vendor\codeigniter4\framework\system\Database\MySQLi\Connection.php:306
Stack trace:
#0 C:\xampp\htdocs\myCI4app\vendor\codeigniter4\framework\system\Database\MySQLi\Connection.php(306): mysqli->query('INSERT INTO `pe...', 0)
#1 C:\xampp\htdocs\myCI4app\vendor\codeigniter4\framework\system\Database\BaseConnection.php(693): CodeIgniter\Database\MySQLi\Connection->execute('INSERT INTO `pe...')
#2 C:\xampp\htdocs\myCI4app\vendor\codeigniter4\framework\system\Database\BaseConnection.php(607): CodeIgniter\Database\BaseConnection->simpleQuery('INSERT INTO `pe...')
#3 C:\xampp\htdocs\myCI4app\vendor\codeigniter4\framework\system\Database\BaseBuilder.php(1798): CodeIgniter\Database\BaseConnection->query('INSERT INTO `pe...', NULL, false)
#4 C:\xampp\htdocs\myCI4app\vendor\codeigniter4\framework\system\Database\BaseBuilder.php(2187): CodeIgniter\Database\BaseBuilder->batchExecute('_insertBatch', 100)
#5 C:\xampp\htdocs\myCI4app\app\Database\Seeds\PegawaiSeeder.php(38): CodeIgniter\Database\BaseBuilder->insertBatch(Array)
#6 C:\xampp\htdocs\myCI4app\vendor\codeigniter4\framework\system\Database\Seeder.php(145): App\Database\Seeds\PegawaiSeeder->run()
#7 C:\xampp\htdocs\myCI4app\vendor\codeigniter4\framework\system\Commands\Database\Seed.php(77): CodeIgniter\Database\Seeder->call('App\\Database\\Se...')
#8 C:\xampp\htdocs\myCI4app\vendor\codeigniter4\framework\system\CLI\Commands.php(65): CodeIgniter\Commands\Database\Seed->run(Array)
#9 C:\xampp\htdocs\myCI4app\vendor\codeigniter4\framework\system\CLI\Console.php(46): CodeIgniter\CLI\Commands->run('db:seed', Array)
#10 C:\xampp\htdocs\myCI4app\spark(102): CodeIgniter\CLI\Console->run()
#11 {main}
INFO - 2024-02-19 14:42:50 --> Session: Class initialized using 'CodeIgniter\Session\Handlers\FileHandler' driver.
INFO - 2024-02-19 14:46:38 --> Session: Class initialized using 'CodeIgniter\Session\Handlers\FileHandler' driver.
INFO - 2024-02-19 14:46:44 --> Session: Class initialized using 'CodeIgniter\Session\Handlers\FileHandler' driver.
INFO - 2024-02-19 14:46:54 --> Session: Class initialized using 'CodeIgniter\Session\Handlers\FileHandler' driver.
INFO - 2024-02-19 14:47:09 --> Session: Class initialized using 'CodeIgniter\Session\Handlers\FileHandler' driver.
INFO - 2024-02-19 15:09:13 --> Session: Class initialized using 'CodeIgniter\Session\Handlers\FileHandler' driver.
CRITICAL - 2024-02-19 15:09:20 --> Error: Call to undefined method CodeIgniter\View\View::extends()
in APPPATH\Views\pegawai\create.php on line 1.
 1 SYSTEMPATH\View\View.php(228): include()
 2 SYSTEMPATH\View\View.php(231): CodeIgniter\View\View->CodeIgniter\View\{closure}()
 3 SYSTEMPATH\Common.php(1178): CodeIgniter\View\View->render('pegawai/create', [], true)
 4 APPPATH\Controllers\Pegawai.php(20): view('pegawai/create')
 5 SYSTEMPATH\CodeIgniter.php(941): App\Controllers\Pegawai->create()
 6 SYSTEMPATH\CodeIgniter.php(502): CodeIgniter\CodeIgniter->runController(Object(App\Controllers\Pegawai))
 7 SYSTEMPATH\CodeIgniter.php(361): CodeIgniter\CodeIgniter->handleRequest(null, Object(Config\Cache), false)
 8 FCPATH\index.php(79): CodeIgniter\CodeIgniter->run()
 9 SYSTEMPATH\Commands\Server\rewrite.php(47): require_once('C:\\xampp\\htdocs\\myCI4app\\public\\index.php')
