CRITICAL - 2024-01-31 16:08:17 --> CodeIgniter\View\Exceptions\ViewException: Invalid file: "belajar/coba.php"
in SYSTEMPATH\Exceptions\FrameworkException.php on line 39.
 1 SYSTEMPATH\View\View.php(216): CodeIgniter\Exceptions\FrameworkException::forInvalidFile('belajar/coba.php')
 2 SYSTEMPATH\Common.php(1178): CodeIgniter\View\View->render('belajar/coba', [], true)
 3 APPPATH\Controllers\Coba.php(9): view('belajar/coba')
 4 SYSTEMPATH\CodeIgniter.php(941): App\Controllers\Coba->index()
 5 SYSTEMPATH\CodeIgniter.php(502): CodeIgniter\CodeIgniter->runController(Object(App\Controllers\Coba))
 6 SYSTEMPATH\CodeIgniter.php(361): CodeIgniter\CodeIgniter->handleRequest(null, Object(Config\Cache), false)
 7 FCPATH\index.php(79): CodeIgniter\CodeIgniter->run()
 8 SYSTEMPATH\Commands\Server\rewrite.php(47): require_once('C:\\xampp\\htdocs\\myCI4app\\public\\index.php')
CRITICAL - 2024-01-31 16:09:18 --> CodeIgniter\View\Exceptions\ViewException: Invalid file: "belajar/coba.php"
in SYSTEMPATH\Exceptions\FrameworkException.php on line 39.
 1 SYSTEMPATH\View\View.php(216): CodeIgniter\Exceptions\FrameworkException::forInvalidFile('belajar/coba.php')
 2 SYSTEMPATH\Common.php(1178): CodeIgniter\View\View->render('belajar/coba', [], true)
 3 APPPATH\Controllers\Coba.php(9): view('belajar/coba')
 4 SYSTEMPATH\CodeIgniter.php(941): App\Controllers\Coba->index()
 5 SYSTEMPATH\CodeIgniter.php(502): CodeIgniter\CodeIgniter->runController(Object(App\Controllers\Coba))
 6 SYSTEMPATH\CodeIgniter.php(361): CodeIgniter\CodeIgniter->handleRequest(null, Object(Config\Cache), false)
 7 FCPATH\index.php(79): CodeIgniter\CodeIgniter->run()
 8 SYSTEMPATH\Commands\Server\rewrite.php(47): require_once('C:\\xampp\\htdocs\\myCI4app\\public\\index.php')
CRITICAL - 2024-01-31 16:09:21 --> CodeIgniter\View\Exceptions\ViewException: Invalid file: "belajar/coba.php"
in SYSTEMPATH\Exceptions\FrameworkException.php on line 39.
 1 SYSTEMPATH\View\View.php(216): CodeIgniter\Exceptions\FrameworkException::forInvalidFile('belajar/coba.php')
 2 SYSTEMPATH\Common.php(1178): CodeIgniter\View\View->render('belajar/coba', [], true)
 3 APPPATH\Controllers\Coba.php(9): view('belajar/coba')
 4 SYSTEMPATH\CodeIgniter.php(941): App\Controllers\Coba->index()
 5 SYSTEMPATH\CodeIgniter.php(502): CodeIgniter\CodeIgniter->runController(Object(App\Controllers\Coba))
 6 SYSTEMPATH\CodeIgniter.php(361): CodeIgniter\CodeIgniter->handleRequest(null, Object(Config\Cache), false)
 7 FCPATH\index.php(79): CodeIgniter\CodeIgniter->run()
 8 SYSTEMPATH\Commands\Server\rewrite.php(47): require_once('C:\\xampp\\htdocs\\myCI4app\\public\\index.php')
CRITICAL - 2024-01-31 16:48:21 --> Error: Call to undefined method CodeIgniter\View\View::extends()
in APPPATH\Views\belajar\home.php on line 29.
 1 SYSTEMPATH\View\View.php(228): include()
 2 SYSTEMPATH\View\View.php(231): CodeIgniter\View\View->CodeIgniter\View\{closure}()
 3 SYSTEMPATH\Common.php(1178): CodeIgniter\View\View->render('belajar/home', [], true)
 4 APPPATH\Controllers\Home.php(9): view('belajar/home')
 5 SYSTEMPATH\CodeIgniter.php(941): App\Controllers\Home->index()
 6 SYSTEMPATH\CodeIgniter.php(502): CodeIgniter\CodeIgniter->runController(Object(App\Controllers\Home))
 7 SYSTEMPATH\CodeIgniter.php(361): CodeIgniter\CodeIgniter->handleRequest(null, Object(Config\Cache), false)
 8 FCPATH\index.php(79): CodeIgniter\CodeIgniter->run()
 9 SYSTEMPATH\Commands\Server\rewrite.php(47): require_once('C:\\xampp\\htdocs\\myCI4app\\public\\index.php')
CRITICAL - 2024-01-31 16:49:09 --> CodeIgniter\View\Exceptions\ViewException: Invalid file: "template.php"
in SYSTEMPATH\Exceptions\FrameworkException.php on line 39.
 1 SYSTEMPATH\View\View.php(216): CodeIgniter\Exceptions\FrameworkException::forInvalidFile('template.php')
 2 SYSTEMPATH\View\View.php(244): CodeIgniter\View\View->render('template', [], true)
 3 SYSTEMPATH\Common.php(1178): CodeIgniter\View\View->render('belajar/home', [], true)
 4 APPPATH\Controllers\Home.php(9): view('belajar/home')
 5 SYSTEMPATH\CodeIgniter.php(941): App\Controllers\Home->index()
 6 SYSTEMPATH\CodeIgniter.php(502): CodeIgniter\CodeIgniter->runController(Object(App\Controllers\Home))
 7 SYSTEMPATH\CodeIgniter.php(361): CodeIgniter\CodeIgniter->handleRequest(null, Object(Config\Cache), false)
 8 FCPATH\index.php(79): CodeIgniter\CodeIgniter->run()
 9 SYSTEMPATH\Commands\Server\rewrite.php(47): require_once('C:\\xampp\\htdocs\\myCI4app\\public\\index.php')
CRITICAL - 2024-01-31 16:49:34 --> Error: Call to undefined method CodeIgniter\View\View::extends()
in APPPATH\Views\belajar\home.php on line 29.
 1 SYSTEMPATH\View\View.php(228): include()
 2 SYSTEMPATH\View\View.php(231): CodeIgniter\View\View->CodeIgniter\View\{closure}()
 3 SYSTEMPATH\Common.php(1178): CodeIgniter\View\View->render('belajar/home', [], true)
 4 APPPATH\Controllers\Home.php(9): view('belajar/home')
 5 SYSTEMPATH\CodeIgniter.php(941): App\Controllers\Home->index()
 6 SYSTEMPATH\CodeIgniter.php(502): CodeIgniter\CodeIgniter->runController(Object(App\Controllers\Home))
 7 SYSTEMPATH\CodeIgniter.php(361): CodeIgniter\CodeIgniter->handleRequest(null, Object(Config\Cache), false)
 8 FCPATH\index.php(79): CodeIgniter\CodeIgniter->run()
 9 SYSTEMPATH\Commands\Server\rewrite.php(47): require_once('C:\\xampp\\htdocs\\myCI4app\\public\\index.php')
CRITICAL - 2024-01-31 16:49:52 --> CodeIgniter\View\Exceptions\ViewException: Invalid file: "template.php"
in SYSTEMPATH\Exceptions\FrameworkException.php on line 39.
 1 SYSTEMPATH\View\View.php(216): CodeIgniter\Exceptions\FrameworkException::forInvalidFile('template.php')
 2 SYSTEMPATH\View\View.php(244): CodeIgniter\View\View->render('template', [], true)
 3 SYSTEMPATH\Common.php(1178): CodeIgniter\View\View->render('belajar/home', [], true)
 4 APPPATH\Controllers\Home.php(9): view('belajar/home')
 5 SYSTEMPATH\CodeIgniter.php(941): App\Controllers\Home->index()
 6 SYSTEMPATH\CodeIgniter.php(502): CodeIgniter\CodeIgniter->runController(Object(App\Controllers\Home))
 7 SYSTEMPATH\CodeIgniter.php(361): CodeIgniter\CodeIgniter->handleRequest(null, Object(Config\Cache), false)
 8 FCPATH\index.php(79): CodeIgniter\CodeIgniter->run()
 9 SYSTEMPATH\Commands\Server\rewrite.php(47): require_once('C:\\xampp\\htdocs\\myCI4app\\public\\index.php')
CRITICAL - 2024-01-31 16:52:56 --> CodeIgniter\View\Exceptions\ViewException: Invalid file: "template.php"
in SYSTEMPATH\Exceptions\FrameworkException.php on line 39.
 1 SYSTEMPATH\View\View.php(216): CodeIgniter\Exceptions\FrameworkException::forInvalidFile('template.php')
 2 SYSTEMPATH\View\View.php(244): CodeIgniter\View\View->render('template', [], true)
 3 SYSTEMPATH\Common.php(1178): CodeIgniter\View\View->render('belajar/home', [], true)
 4 APPPATH\Controllers\Home.php(9): view('belajar/home')
 5 SYSTEMPATH\CodeIgniter.php(941): App\Controllers\Home->index()
 6 SYSTEMPATH\CodeIgniter.php(502): CodeIgniter\CodeIgniter->runController(Object(App\Controllers\Home))
 7 SYSTEMPATH\CodeIgniter.php(361): CodeIgniter\CodeIgniter->handleRequest(null, Object(Config\Cache), false)
 8 FCPATH\index.php(79): CodeIgniter\CodeIgniter->run()
 9 SYSTEMPATH\Commands\Server\rewrite.php(47): require_once('C:\\xampp\\htdocs\\myCI4app\\public\\index.php')
CRITICAL - 2024-01-31 16:53:59 --> CodeIgniter\View\Exceptions\ViewException: Invalid file: "template.php"
in SYSTEMPATH\Exceptions\FrameworkException.php on line 39.
 1 SYSTEMPATH\View\View.php(216): CodeIgniter\Exceptions\FrameworkException::forInvalidFile('template.php')
 2 SYSTEMPATH\View\View.php(244): CodeIgniter\View\View->render('template', [], true)
 3 SYSTEMPATH\Common.php(1178): CodeIgniter\View\View->render('belajar/home', [], true)
 4 APPPATH\Controllers\Home.php(9): view('belajar/home')
 5 SYSTEMPATH\CodeIgniter.php(941): App\Controllers\Home->index()
 6 SYSTEMPATH\CodeIgniter.php(502): CodeIgniter\CodeIgniter->runController(Object(App\Controllers\Home))
 7 SYSTEMPATH\CodeIgniter.php(361): CodeIgniter\CodeIgniter->handleRequest(null, Object(Config\Cache), false)
 8 FCPATH\index.php(79): CodeIgniter\CodeIgniter->run()
 9 SYSTEMPATH\Commands\Server\rewrite.php(47): require_once('C:\\xampp\\htdocs\\myCI4app\\public\\index.php')
CRITICAL - 2024-01-31 17:03:29 --> CodeIgniter\View\Exceptions\ViewException: Invalid file: "template.php"
in SYSTEMPATH\Exceptions\FrameworkException.php on line 39.
 1 SYSTEMPATH\View\View.php(216): CodeIgniter\Exceptions\FrameworkException::forInvalidFile('template.php')
 2 SYSTEMPATH\View\View.php(244): CodeIgniter\View\View->render('template', [], true)
 3 SYSTEMPATH\Common.php(1178): CodeIgniter\View\View->render('belajar/home', [], true)
 4 APPPATH\Controllers\Home.php(9): view('belajar/home')
 5 SYSTEMPATH\CodeIgniter.php(941): App\Controllers\Home->index()
 6 SYSTEMPATH\CodeIgniter.php(502): CodeIgniter\CodeIgniter->runController(Object(App\Controllers\Home))
 7 SYSTEMPATH\CodeIgniter.php(361): CodeIgniter\CodeIgniter->handleRequest(null, Object(Config\Cache), false)
 8 FCPATH\index.php(79): CodeIgniter\CodeIgniter->run()
 9 SYSTEMPATH\Commands\Server\rewrite.php(47): require_once('C:\\xampp\\htdocs\\myCI4app\\public\\index.php')
CRITICAL - 2024-01-31 17:04:12 --> CodeIgniter\View\Exceptions\ViewException: Invalid file: "template.php"
in SYSTEMPATH\Exceptions\FrameworkException.php on line 39.
 1 SYSTEMPATH\View\View.php(216): CodeIgniter\Exceptions\FrameworkException::forInvalidFile('template.php')
 2 SYSTEMPATH\View\View.php(244): CodeIgniter\View\View->render('template', [], true)
 3 SYSTEMPATH\Common.php(1178): CodeIgniter\View\View->render('belajar/home', [], true)
 4 APPPATH\Controllers\Home.php(9): view('belajar/home')
 5 SYSTEMPATH\CodeIgniter.php(941): App\Controllers\Home->index()
 6 SYSTEMPATH\CodeIgniter.php(502): CodeIgniter\CodeIgniter->runController(Object(App\Controllers\Home))
 7 SYSTEMPATH\CodeIgniter.php(361): CodeIgniter\CodeIgniter->handleRequest(null, Object(Config\Cache), false)
 8 FCPATH\index.php(79): CodeIgniter\CodeIgniter->run()
 9 SYSTEMPATH\Commands\Server\rewrite.php(47): require_once('C:\\xampp\\htdocs\\myCI4app\\public\\index.php')
CRITICAL - 2024-01-31 17:19:45 --> CodeIgniter\View\Exceptions\ViewException: Invalid file: "template.php"
in SYSTEMPATH\Exceptions\FrameworkException.php on line 39.
 1 SYSTEMPATH\View\View.php(216): CodeIgniter\Exceptions\FrameworkException::forInvalidFile('template.php')
 2 SYSTEMPATH\View\View.php(244): CodeIgniter\View\View->render('template', [], true)
 3 SYSTEMPATH\Common.php(1178): CodeIgniter\View\View->render('belajar/home', [], true)
 4 APPPATH\Controllers\Home.php(9): view('belajar/home')
 5 SYSTEMPATH\CodeIgniter.php(941): App\Controllers\Home->index()
 6 SYSTEMPATH\CodeIgniter.php(502): CodeIgniter\CodeIgniter->runController(Object(App\Controllers\Home))
 7 SYSTEMPATH\CodeIgniter.php(361): CodeIgniter\CodeIgniter->handleRequest(null, Object(Config\Cache), false)
 8 FCPATH\index.php(79): CodeIgniter\CodeIgniter->run()
 9 SYSTEMPATH\Commands\Server\rewrite.php(47): require_once('C:\\xampp\\htdocs\\myCI4app\\public\\index.php')
CRITICAL - 2024-01-31 17:25:58 --> CodeIgniter\View\Exceptions\ViewException: Invalid file: "template.php"
in SYSTEMPATH\Exceptions\FrameworkException.php on line 39.
 1 SYSTEMPATH\View\View.php(216): CodeIgniter\Exceptions\FrameworkException::forInvalidFile('template.php')
 2 SYSTEMPATH\View\View.php(244): CodeIgniter\View\View->render('template', [], true)
 3 SYSTEMPATH\Common.php(1178): CodeIgniter\View\View->render('belajar/home', [], true)
 4 APPPATH\Controllers\Home.php(9): view('belajar/home')
 5 SYSTEMPATH\CodeIgniter.php(941): App\Controllers\Home->index()
 6 SYSTEMPATH\CodeIgniter.php(502): CodeIgniter\CodeIgniter->runController(Object(App\Controllers\Home))
 7 SYSTEMPATH\CodeIgniter.php(361): CodeIgniter\CodeIgniter->handleRequest(null, Object(Config\Cache), false)
 8 FCPATH\index.php(79): CodeIgniter\CodeIgniter->run()
 9 SYSTEMPATH\Commands\Server\rewrite.php(47): require_once('C:\\xampp\\htdocs\\myCI4app\\public\\index.php')
