CRITICAL - 2024-02-05 02:46:53 --> CodeIgniter\View\Exceptions\ViewException: Invalid file: "template.php"
in SYSTEMPATH\Exceptions\FrameworkException.php on line 39.
 1 SYSTEMPATH\View\View.php(216): CodeIgniter\Exceptions\FrameworkException::forInvalidFile('template.php')
 2 SYSTEMPATH\View\View.php(244): CodeIgniter\View\View->render('template', [], true)
 3 SYSTEMPATH\Common.php(1178): CodeIgniter\View\View->render('belajar/home', [], true)
 4 APPPATH\Controllers\Home.php(9): view('belajar/home')
 5 SYSTEMPATH\CodeIgniter.php(941): App\Controllers\Home->index()
 6 SYSTEMPATH\CodeIgniter.php(502): CodeIgniter\CodeIgniter->runController(Object(App\Controllers\Home))
 7 SYSTEMPATH\CodeIgniter.php(361): CodeIgniter\CodeIgniter->handleRequest(null, Object(Config\Cache), false)
 8 FCPATH\index.php(79): CodeIgniter\CodeIgniter->run()
 9 SYSTEMPATH\Commands\Server\rewrite.php(47): require_once('C:\\xampp\\htdocs\\myCI4app\\public\\index.php')
CRITICAL - 2024-02-05 02:48:16 --> CodeIgniter\View\Exceptions\ViewException: Invalid file: "template.php"
in SYSTEMPATH\Exceptions\FrameworkException.php on line 39.
 1 SYSTEMPATH\View\View.php(216): CodeIgniter\Exceptions\FrameworkException::forInvalidFile('template.php')
 2 SYSTEMPATH\View\View.php(244): CodeIgniter\View\View->render('template', [], true)
 3 SYSTEMPATH\Common.php(1178): CodeIgniter\View\View->render('belajar/home', [], true)
 4 APPPATH\Controllers\Home.php(9): view('belajar/home')
 5 SYSTEMPATH\CodeIgniter.php(941): App\Controllers\Home->index()
 6 SYSTEMPATH\CodeIgniter.php(502): CodeIgniter\CodeIgniter->runController(Object(App\Controllers\Home))
 7 SYSTEMPATH\CodeIgniter.php(361): CodeIgniter\CodeIgniter->handleRequest(null, Object(Config\Cache), false)
 8 FCPATH\index.php(79): CodeIgniter\CodeIgniter->run()
 9 SYSTEMPATH\Commands\Server\rewrite.php(47): require_once('C:\\xampp\\htdocs\\myCI4app\\public\\index.php')
CRITICAL - 2024-02-05 02:48:46 --> CodeIgniter\View\Exceptions\ViewException: Invalid file: "template.php"
in SYSTEMPATH\Exceptions\FrameworkException.php on line 39.
 1 SYSTEMPATH\View\View.php(216): CodeIgniter\Exceptions\FrameworkException::forInvalidFile('template.php')
 2 SYSTEMPATH\View\View.php(244): CodeIgniter\View\View->render('template', [], true)
 3 SYSTEMPATH\Common.php(1178): CodeIgniter\View\View->render('belajar/template', [], true)
 4 APPPATH\Controllers\Template.php(9): view('belajar/template')
 5 SYSTEMPATH\CodeIgniter.php(941): App\Controllers\Template->index()
 6 SYSTEMPATH\CodeIgniter.php(502): CodeIgniter\CodeIgniter->runController(Object(App\Controllers\Template))
 7 SYSTEMPATH\CodeIgniter.php(361): CodeIgniter\CodeIgniter->handleRequest(null, Object(Config\Cache), false)
 8 FCPATH\index.php(79): CodeIgniter\CodeIgniter->run()
 9 SYSTEMPATH\Commands\Server\rewrite.php(47): require_once('C:\\xampp\\htdocs\\myCI4app\\public\\index.php')
CRITICAL - 2024-02-05 14:35:14 --> CodeIgniter\View\Exceptions\ViewException: Invalid file: "belajar/produk.php"
in SYSTEMPATH\Exceptions\FrameworkException.php on line 39.
 1 SYSTEMPATH\View\View.php(216): CodeIgniter\Exceptions\FrameworkException::forInvalidFile('belajar/produk.php')
 2 SYSTEMPATH\Common.php(1178): CodeIgniter\View\View->render('belajar/produk', [], true)
 3 APPPATH\Controllers\Coba.php(9): view('belajar/produk')
 4 SYSTEMPATH\CodeIgniter.php(941): App\Controllers\Coba->index()
 5 SYSTEMPATH\CodeIgniter.php(502): CodeIgniter\CodeIgniter->runController(Object(App\Controllers\Coba))
 6 SYSTEMPATH\CodeIgniter.php(361): CodeIgniter\CodeIgniter->handleRequest(null, Object(Config\Cache), false)
 7 FCPATH\index.php(79): CodeIgniter\CodeIgniter->run()
 8 SYSTEMPATH\Commands\Server\rewrite.php(47): require_once('C:\\xampp\\htdocs\\myCI4app\\public\\index.php')
CRITICAL - 2024-02-05 14:37:33 --> CodeIgniter\View\Exceptions\ViewException: Invalid file: "belajar/produk.php"
in SYSTEMPATH\Exceptions\FrameworkException.php on line 39.
 1 SYSTEMPATH\View\View.php(216): CodeIgniter\Exceptions\FrameworkException::forInvalidFile('belajar/produk.php')
 2 SYSTEMPATH\Common.php(1178): CodeIgniter\View\View->render('belajar/produk', [], true)
 3 APPPATH\Controllers\Coba.php(9): view('belajar/produk')
 4 SYSTEMPATH\CodeIgniter.php(941): App\Controllers\Coba->index()
 5 SYSTEMPATH\CodeIgniter.php(502): CodeIgniter\CodeIgniter->runController(Object(App\Controllers\Coba))
 6 SYSTEMPATH\CodeIgniter.php(361): CodeIgniter\CodeIgniter->handleRequest(null, Object(Config\Cache), false)
 7 FCPATH\index.php(79): CodeIgniter\CodeIgniter->run()
 8 SYSTEMPATH\Commands\Server\rewrite.php(47): require_once('C:\\xampp\\htdocs\\myCI4app\\public\\index.php')
CRITICAL - 2024-02-05 14:37:34 --> CodeIgniter\View\Exceptions\ViewException: Invalid file: "belajar/produk.php"
in SYSTEMPATH\Exceptions\FrameworkException.php on line 39.
 1 SYSTEMPATH\View\View.php(216): CodeIgniter\Exceptions\FrameworkException::forInvalidFile('belajar/produk.php')
 2 SYSTEMPATH\Common.php(1178): CodeIgniter\View\View->render('belajar/produk', [], true)
 3 APPPATH\Controllers\Coba.php(9): view('belajar/produk')
 4 SYSTEMPATH\CodeIgniter.php(941): App\Controllers\Coba->index()
 5 SYSTEMPATH\CodeIgniter.php(502): CodeIgniter\CodeIgniter->runController(Object(App\Controllers\Coba))
 6 SYSTEMPATH\CodeIgniter.php(361): CodeIgniter\CodeIgniter->handleRequest(null, Object(Config\Cache), false)
 7 FCPATH\index.php(79): CodeIgniter\CodeIgniter->run()
 8 SYSTEMPATH\Commands\Server\rewrite.php(47): require_once('C:\\xampp\\htdocs\\myCI4app\\public\\index.php')
CRITICAL - 2024-02-05 14:39:05 --> CodeIgniter\View\Exceptions\ViewException: Invalid file: "belajar/produk.php"
in SYSTEMPATH\Exceptions\FrameworkException.php on line 39.
 1 SYSTEMPATH\View\View.php(216): CodeIgniter\Exceptions\FrameworkException::forInvalidFile('belajar/produk.php')
 2 SYSTEMPATH\Common.php(1178): CodeIgniter\View\View->render('belajar/produk', [], true)
 3 APPPATH\Controllers\Coba.php(9): view('belajar/produk')
 4 SYSTEMPATH\CodeIgniter.php(941): App\Controllers\Coba->index()
 5 SYSTEMPATH\CodeIgniter.php(502): CodeIgniter\CodeIgniter->runController(Object(App\Controllers\Coba))
 6 SYSTEMPATH\CodeIgniter.php(361): CodeIgniter\CodeIgniter->handleRequest(null, Object(Config\Cache), false)
 7 FCPATH\index.php(79): CodeIgniter\CodeIgniter->run()
 8 SYSTEMPATH\Commands\Server\rewrite.php(47): require_once('C:\\xampp\\htdocs\\myCI4app\\public\\index.php')
